Copyright 1986-2022 Xilinx, Inc. All Rights Reserved. Copyright 2022-2023 Advanced Micro Devices, Inc. All Rights Reserved.
---------------------------------------------------------------------------------------------------------------------------------------------
| Tool Version : Vivado v.2023.1 (win64) Build 3865809 Sun May  7 15:05:29 MDT 2023
| Date         : Tue Sep 17 15:31:37 2024
| Host         : DESKTOP-76F846E running 64-bit major release  (build 9200)
| Command      : report_drc -file ./output/post_imp_drc.rpt
| Design       : top
| Device       : xc7z020clg484-1
| Speed File   : -1
| Design State : Fully Routed
---------------------------------------------------------------------------------------------------------------------------------------------

Report DRC

Table of Contents
-----------------
1. REPORT SUMMARY
2. REPORT DETAILS

1. REPORT SUMMARY
-----------------
            Netlist: top
          Floorplan: design_1
      Design limits: <entire design considered>
           Ruledeck: default
             Max violations: <unlimited>
             Violations found: 3
+-----------+----------+------------------------+------------+
| Rule      | Severity | Description            | Violations |
+-----------+----------+------------------------+------------+
| REQP-1577 | Warning  | Clock output buffering | 2          |
| ZPS7-1    | Warning  | PS7 block required     | 1          |
+-----------+----------+------------------------+------------+

2. REPORT DETAILS
-----------------
REQP-1577#1 Warning
Clock output buffering  
MMCME2_ADV connectivity violation. The signal inst_mmcm/mmcm_clk_120_o on the inst_mmcm/inst_mmcm_adv/CLKOUT1 pin of inst_mmcm/inst_mmcm_adv does not drive the same kind of BUFFER load as the other CLKOUT pins. Routing from the different buffer types will not be phase aligned.
Related violations: <none>

REQP-1577#2 Warning
Clock output buffering  
MMCME2_ADV connectivity violation. The signal inst_mmcm/mmcm_clk_300_o on the inst_mmcm/inst_mmcm_adv/CLKOUT2 pin of inst_mmcm/inst_mmcm_adv does not drive the same kind of BUFFER load as the other CLKOUT pins. Routing from the different buffer types will not be phase aligned.
Related violations: <none>

ZPS7-1#1 Warning
PS7 block required  
The PS7 cell must be used in this Zynq design in order to enable correct default configuration.
Related violations: <none>


